	Warning: warning, (EE) error, (NI) not implemented, (??) unknown.
[    44.835] Warning: The directory "/usr/share/fonts/X11/cyrillic" does not exist.
[    44.835] Warning: The directory "/usr/share/fonts/X11/100dpi/" does not exist.
[    44.835] Warning: The directory "/usr/share/fonts/X11/75dpi/" does not exist.
[    44.835] Warning: The directory "/usr/share/fonts/X11/100dpi" does not exist.
[    44.835] Warning: The directory "/usr/share/fonts/X11/75dpi" does not exist.
[    49.488] Warning: Falling back to old probe method for modesetting
[    49.498] Warning: Falling back to old probe method for fbdev
[    49.551] Warning: Falling back to old probe method for vesa
[    49.793] Warning: NVIDIA(0): Unable to get display device for DPI computation.
[    58.028] Warning: NVIDIA(0): Option "PrimaryGPU" is not used
	(++) from command line, (!!) notice, Information: informational,
[    44.835] Information: The server relies on udev to provide the list of input devices.
[    44.864] Information: Loader magic: 0x558f7829f020
[    44.864] Information: Module ABI versions:
[    44.865] Information: systemd-logind: logind integration requires -keeptty and -keeptty was not provided, disabling logind integration
[    44.867] Information: xfree86: Adding drm device (/dev/dri/card1)
[    44.867] Information: xfree86: Adding drm device (/dev/dri/card0)
[    44.884] Information: LoadModule: "glx"
[    44.885] Information: Loading /usr/lib/x86_64-linux-gnu/nvidia/xorg/libglx.so
[    48.387] Information: Module glx: vendor="NVIDIA Corporation"
[    48.406] Information: NVIDIA GLX Module  390.116  Sun Jan 27 06:24:32 PST 2019
[    48.421] Information: Applying OutputClass "nvidia" to /dev/dri/card1
[    48.421] Information: Applying OutputClass "Nvidia Prime" to /dev/dri/card1
[    48.421] Information: LoadModule: "nvidia"
[    48.421] Information: Loading /usr/lib/x86_64-linux-gnu/nvidia/xorg/nvidia_drv.so
[    48.926] Information: Module nvidia: vendor="NVIDIA Corporation"
[    48.942] Information: LoadModule: "nouveau"
[    48.942] Information: Loading /usr/lib/xorg/modules/drivers/nouveau_drv.so
[    49.021] Information: Module nouveau: vendor="X.Org Foundation"
[    49.021] Information: LoadModule: "modesetting"
[    49.021] Information: Loading /usr/lib/xorg/modules/drivers/modesetting_drv.so
[    49.062] Information: Module modesetting: vendor="X.Org Foundation"
[    49.062] Information: LoadModule: "fbdev"
[    49.062] Information: Loading /usr/lib/xorg/modules/drivers/fbdev_drv.so
[    49.087] Information: Module fbdev: vendor="X.Org Foundation"
[    49.087] Information: LoadModule: "vesa"
[    49.087] Information: Loading /usr/lib/xorg/modules/drivers/vesa_drv.so
[    49.174] Information: Module vesa: vendor="X.Org Foundation"
[    49.212] Information: NVIDIA dlloader X Driver  390.116  Sun Jan 27 05:57:42 PST 2019
[    49.212] Information: NVIDIA Unified Driver for all Supported NVIDIA GPUs
[    49.230] Information: NOUVEAU driver Date:   Fri Apr 21 14:41:17 2017 -0400
[    49.230] Information: NOUVEAU driver for NVIDIA chipset families :
[    49.231] Information: modesetting: Driver for Modesetting Kernel Drivers: kms
[    49.231] Information: FBDEV: driver for framebuffer: fbdev
[    49.231] Information: VESA: driver for VESA chipsets: vesa
[    49.289] Information: Loading sub module "fb"
[    49.289] Information: LoadModule: "fb"
[    49.320] Information: Loading /usr/lib/xorg/modules/libfb.so
[    49.335] Information: Module fb: vendor="X.Org Foundation"
[    49.335] Information: Loading sub module "wfb"
[    49.335] Information: LoadModule: "wfb"
[    49.336] Information: Loading /usr/lib/xorg/modules/libwfb.so
[    49.418] Information: Module wfb: vendor="X.Org Foundation"
[    49.418] Information: Loading sub module "ramdac"
[    49.418] Information: LoadModule: "ramdac"
[    49.418] Information: Module "ramdac" already built-in
[    49.498] Information: Loading sub module "fbdevhw"
[    49.498] Information: LoadModule: "fbdevhw"
[    49.498] Information: Loading /usr/lib/xorg/modules/libfbdevhw.so
[    49.551] Information: Module fbdevhw: vendor="X.Org Foundation"
[    49.565] Information: modeset(G0): using drv /dev/dri/card0
[    49.565] Information: NVIDIA(0): Creating default Display subsection in Screen section
[    49.609] Information: Applying OutputClass "nvidia" options to /dev/dri/card1
[    49.609] Information: Applying OutputClass "Nvidia Prime" options to /dev/dri/card1
[    49.793] Information: NVIDIA(0): NVIDIA GPU GeForce GTX 660M (GK107) at PCI:1:0:0 (GPU-0)
[    49.793] Information: NVIDIA(0): Detected PCI Express Link width: 16X
[    49.793] Information: NVIDIA(0): Validated MetaModes:
[    49.793] Information: NVIDIA(0):     "NULL"
[    49.793] Information: NVIDIA(0): Virtual screen size determined to be 640 x 480
[    49.793] Information: Loading sub module "glamoregl"
[    49.793] Information: LoadModule: "glamoregl"
[    49.793] Information: Loading /usr/lib/xorg/modules/libglamoregl.so
[    49.967] Information: Module glamoregl: vendor="X.Org Foundation"
[    49.967] Information: glamor: OpenGL accelerated X.org driver based.
[    57.853] Information: glamor: EGL version 1.4:
[    57.857] Information: modeset(G0): glamor initialized
[    57.857] Information: modeset(G0): Output LVDS-1-1 has no monitor section
[    57.858] Information: modeset(G0): Output VGA-1-1 has no monitor section
[    57.860] Information: modeset(G0): Output HDMI-1-1 has no monitor section
[    57.860] Information: modeset(G0): Output DP-1-1 has no monitor section
[    57.860] Information: modeset(G0): EDID for output LVDS-1-1
[    57.860] Information: modeset(G0): Manufacturer: CMO  Model: 1720  Serial#: 0
[    57.860] Information: modeset(G0): Year: 2011  Week: 2
[    57.860] Information: modeset(G0): EDID Version: 1.3
[    57.860] Information: modeset(G0): Digital Display Input
[    57.860] Information: modeset(G0): Max Image Size [cm]: horiz.: 38  vert.: 21
[    57.860] Information: modeset(G0): Gamma: 2.20
[    57.860] Information: modeset(G0): No DPMS capabilities specified
[    57.860] Information: modeset(G0): Supported color encodings: RGB 4:4:4 YCrCb 4:4:4 
[    57.860] Information: modeset(G0): First detailed timing is preferred mode
[    57.860] Information: modeset(G0): redX: 0.640 redY: 0.333   greenX: 0.303 greenY: 0.613
[    57.860] Information: modeset(G0): blueX: 0.154 blueY: 0.060   whiteX: 0.313 whiteY: 0.329
[    57.860] Information: modeset(G0): Manufacturer's mask: 0
[    57.860] Information: modeset(G0): Supported detailed timing:
[    57.860] Information: modeset(G0): clock: 138.7 MHz   Image Size:  382 x 215 mm
[    57.860] Information: modeset(G0): h_active: 1920  h_sync: 1968  h_sync_end 2000 h_blank_end 2080 h_border: 0
[    57.860] Information: modeset(G0): v_active: 1080  v_sync: 1083  v_sync_end 1088 v_blanking: 1111 v_border: 0
[    57.860] Information: modeset(G0):  N173HGE-L11
[    57.860] Information: modeset(G0):  CMO
[    57.860] Information: modeset(G0):  N173HGE-L11
[    57.860] Information: modeset(G0): EDID (in hex):
[    57.860] Information: modeset(G0): 	00ffffffffffff000daf201700000000
[    57.860] Information: modeset(G0): 	02150103802615780ad895a3554d9d27
[    57.860] Information: modeset(G0): 	0f505400000001010101010101010101
[    57.860] Information: modeset(G0): 	0101010101012e3680a070381f403020
[    57.860] Information: modeset(G0): 	35007ed710000018000000fe004e3137
[    57.860] Information: modeset(G0): 	334847452d4c31310a20000000fe0043
[    57.860] Information: modeset(G0): 	4d4f0a202020202020202020000000fe
[    57.860] Information: modeset(G0): 	004e3137334847452d4c31310a20006e
[    57.860] Information: modeset(G0): Printing probed modes for output LVDS-1-1
[    57.860] Information: modeset(G0): Modeline "1920x1080"x60.0  138.70  1920 1968 2000 2080  1080 1083 1088 1111 -hsync -vsync (66.7 kHz eP)
[    57.860] Information: modeset(G0): Modeline "1920x1080"x120.0  356.38  1920 2080 2288 2656  1080 1081 1084 1118 doublescan -hsync +vsync (134.2 kHz d)
[    57.860] Information: modeset(G0): Modeline "1920x1080"x119.9  266.50  1920 1944 1960 2000  1080 1081 1084 1111 doublescan +hsync -vsync (133.2 kHz d)
[    57.860] Information: modeset(G0): Modeline "1920x1080"x60.0  173.00  1920 2048 2248 2576  1080 1083 1088 1120 -hsync +vsync (67.2 kHz d)
[    57.860] Information: modeset(G0): Modeline "1920x1080"x59.9  138.50  1920 1968 2000 2080  1080 1083 1088 1111 +hsync -vsync (66.6 kHz d)
[    57.860] Information: modeset(G0): Modeline "1680x1050"x60.0  146.25  1680 1784 1960 2240  1050 1053 1059 1089 -hsync +vsync (65.3 kHz d)
[    57.860] Information: modeset(G0): Modeline "1680x1050"x59.9  119.00  1680 1728 1760 1840  1050 1053 1059 1080 +hsync -vsync (64.7 kHz d)
[    57.860] Information: modeset(G0): Modeline "1600x1024"x60.2  103.12  1600 1600 1656 1664  1024 1024 1029 1030 +hsync +vsync (62.0 kHz d)
[    57.860] Information: modeset(G0): Modeline "1400x1050"x60.0  122.00  1400 1488 1640 1880  1050 1052 1064 1082 +hsync +vsync (64.9 kHz d)
[    57.860] Information: modeset(G0): Modeline "1600x900"x120.0  246.00  1600 1728 1900 2200  900 901 904 932 doublescan -hsync +vsync (111.8 kHz d)
[    57.860] Information: modeset(G0): Modeline "1600x900"x119.9  186.50  1600 1624 1640 1680  900 901 904 926 doublescan +hsync -vsync (111.0 kHz d)
[    57.860] Information: modeset(G0): Modeline "1600x900"x59.9  118.25  1600 1696 1856 2112  900 903 908 934 -hsync +vsync (56.0 kHz d)
[    57.860] Information: modeset(G0): Modeline "1600x900"x59.8   97.50  1600 1648 1680 1760  900 903 908 926 +hsync -vsync (55.4 kHz d)
[    57.860] Information: modeset(G0): Modeline "1280x1024"x60.0  108.00  1280 1328 1440 1688  1024 1025 1028 1066 +hsync +vsync (64.0 kHz d)
[    57.860] Information: modeset(G0): Modeline "1440x900"x59.9  106.50  1440 1520 1672 1904  900 903 909 934 -hsync +vsync (55.9 kHz d)
[    57.860] Information: modeset(G0): Modeline "1400x900"x60.0  103.50  1400 1480 1624 1848  900 903 913 934 -hsync +vsync (56.0 kHz d)
[    57.860] Information: modeset(G0): Modeline "1400x900"x59.9   86.50  1400 1448 1480 1560  900 903 913 926 +hsync -vsync (55.4 kHz d)
[    57.860] Information: modeset(G0): Modeline "1280x960"x60.0  108.00  1280 1376 1488 1800  960 961 964 1000 +hsync +vsync (60.0 kHz d)
[    57.860] Information: modeset(G0): Modeline "1440x810"x120.0  198.12  1440 1548 1704 1968  810 811 814 839 doublescan -hsync +vsync (100.7 kHz d)
[    57.860] Information: modeset(G0): Modeline "1440x810"x119.9  151.88  1440 1464 1480 1520  810 811 814 833 doublescan +hsync -vsync (99.9 kHz d)
[    57.860] Information: modeset(G0): Modeline "1368x768"x59.9   85.25  1368 1440 1576 1784  768 771 781 798 -hsync +vsync (47.8 kHz d)
[    57.860] Information: modeset(G0): Modeline "1368x768"x59.9   72.25  1368 1416 1448 1528  768 771 781 790 +hsync -vsync (47.3 kHz d)
[    57.860] Information: modeset(G0): Modeline "1360x768"x59.8   84.75  1360 1432 1568 1776  768 771 781 798 -hsync +vsync (47.7 kHz d)
[    57.860] Information: modeset(G0): Modeline "1360x768"x60.0   72.00  1360 1408 1440 1520  768 771 781 790 +hsync -vsync (47.4 kHz d)
[    57.860] Information: modeset(G0): Modeline "1280x800"x120.0  174.25  1280 1380 1516 1752  800 801 804 829 doublescan -hsync +vsync (99.5 kHz d)
[    57.860] Information: modeset(G0): Modeline "1280x800"x119.9  134.25  1280 1304 1320 1360  800 801 804 823 doublescan +hsync -vsync (98.7 kHz d)
[    57.860] Information: modeset(G0): Modeline "1280x800"x59.8   83.50  1280 1352 1480 1680  800 803 809 831 -hsync +vsync (49.7 kHz d)
[    57.860] Information: modeset(G0): Modeline "1280x800"x59.9   71.00  1280 1328 1360 1440  800 803 809 823 +hsync -vsync (49.3 kHz d)
[    57.860] Information: modeset(G0): Modeline "1152x864"x60.0   81.62  1152 1216 1336 1520  864 865 868 895 -hsync +vsync (53.7 kHz d)
[    57.860] Information: modeset(G0): Modeline "1280x720"x120.0  156.12  1280 1376 1512 1744  720 721 724 746 doublescan -hsync +vsync (89.5 kHz d)
[    57.860] Information: modeset(G0): Modeline "1280x720"x120.0  120.75  1280 1304 1320 1360  720 721 724 740 doublescan +hsync -vsync (88.8 kHz d)
[    57.860] Information: modeset(G0): Modeline "1280x720"x59.9   74.50  1280 1344 1472 1664  720 723 728 748 -hsync +vsync (44.8 kHz d)
[    57.860] Information: modeset(G0): Modeline "1280x720"x59.7   63.75  1280 1328 1360 1440  720 723 728 741 +hsync -vsync (44.3 kHz d)
[    57.860] Information: modeset(G0): Modeline "1024x768"x120.1  133.47  1024 1100 1212 1400  768 768 770 794 doublescan -hsync +vsync (95.3 kHz d)
[    57.860] Information: modeset(G0): Modeline "1024x768"x60.0   65.00  1024 1048 1184 1344  768 771 777 806 -hsync -vsync (48.4 kHz d)
[    57.860] Information: modeset(G0): Modeline "960x720"x120.0  117.00  960 1024 1128 1300  720 720 722 750 doublescan -hsync +vsync (90.0 kHz d)
[    57.860] Information: modeset(G0): Modeline "928x696"x120.1  109.15  928 976 1088 1264  696 696 698 719 doublescan -hsync +vsync (86.4 kHz d)
[    57.860] Information: modeset(G0): Modeline "896x672"x120.0  102.40  896 960 1060 1224  672 672 674 697 doublescan -hsync +vsync (83.7 kHz d)
[    57.860] Information: modeset(G0): Modeline "1024x576"x119.9   98.50  1024 1092 1200 1376  576 577 580 597 doublescan -hsync +vsync (71.6 kHz d)
[    57.860] Information: modeset(G0): Modeline "1024x576"x119.9   78.38  1024 1048 1064 1104  576 577 580 592 doublescan +hsync -vsync (71.0 kHz d)
[    57.860] Information: modeset(G0): Modeline "1024x576"x59.9   46.50  1024 1064 1160 1296  576 579 584 599 -hsync +vsync (35.9 kHz d)
[    57.860] Information: modeset(G0): Modeline "1024x576"x59.8   42.00  1024 1072 1104 1184  576 579 584 593 +hsync -vsync (35.5 kHz d)
[    57.860] Information: modeset(G0): Modeline "960x600"x119.9   96.62  960 1028 1128 1296  600 601 604 622 doublescan -hsync +vsync (74.6 kHz d)
[    57.861] Information: modeset(G0): Modeline "960x600"x120.0   77.00  960 984 1000 1040  600 601 604 617 doublescan +hsync -vsync (74.0 kHz d)
[    57.861] Information: modeset(G0): Modeline "960x540"x119.9   86.50  960 1024 1124 1288  540 541 544 560 doublescan -hsync +vsync (67.2 kHz d)
[    57.861] Information: modeset(G0): Modeline "960x540"x120.0   69.25  960 984 1000 1040  540 541 544 555 doublescan +hsync -vsync (66.6 kHz d)
[    57.861] Information: modeset(G0): Modeline "960x540"x59.6   40.75  960 992 1088 1216  540 543 548 562 -hsync +vsync (33.5 kHz d)
[    57.861] Information: modeset(G0): Modeline "960x540"x59.8   37.25  960 1008 1040 1120  540 543 548 556 +hsync -vsync (33.3 kHz d)
[    57.861] Information: modeset(G0): Modeline "800x600"x120.0   81.00  800 832 928 1080  600 600 602 625 doublescan +hsync +vsync (75.0 kHz d)
[    57.861] Information: modeset(G0): Modeline "800x600"x60.3   40.00  800 840 968 1056  600 601 605 628 +hsync +vsync (37.9 kHz d)
[    57.861] Information: modeset(G0): Modeline "800x600"x56.2   36.00  800 824 896 1024  600 601 603 625 +hsync +vsync (35.2 kHz d)
[    57.861] Information: modeset(G0): Modeline "840x525"x120.0   73.12  840 892 980 1120  525 526 529 544 doublescan -hsync +vsync (65.3 kHz d)
[    57.861] Information: modeset(G0): Modeline "840x525"x119.8   59.50  840 864 880 920  525 526 529 540 doublescan +hsync -vsync (64.7 kHz d)
[    57.861] Information: modeset(G0): Modeline "864x486"x59.9   32.50  864 888 968 1072  486 489 494 506 -hsync +vsync (30.3 kHz d)
[    57.861] Information: modeset(G0): Modeline "864x486"x59.6   30.50  864 912 944 1024  486 489 494 500 +hsync -vsync (29.8 kHz d)
[    57.861] Information: modeset(G0): Modeline "800x512"x120.3   51.56  800 800 828 832  512 512 514 515 doublescan +hsync +vsync (62.0 kHz d)
[    57.861] Information: modeset(G0): Modeline "700x525"x120.0   61.00  700 744 820 940  525 526 532 541 doublescan +hsync +vsync (64.9 kHz d)
[    57.861] Information: modeset(G0): Modeline "800x450"x119.9   59.12  800 848 928 1056  450 451 454 467 doublescan -hsync +vsync (56.0 kHz d)
[    57.861] Information: modeset(G0): Modeline "800x450"x119.6   48.75  800 824 840 880  450 451 454 463 doublescan +hsync -vsync (55.4 kHz d)
[    57.861] Information: modeset(G0): Modeline "640x512"x120.0   54.00  640 664 720 844  512 512 514 533 doublescan +hsync +vsync (64.0 kHz d)
[    57.861] Information: modeset(G0): Modeline "720x450"x119.8   53.25  720 760 836 952  450 451 454 467 doublescan -hsync +vsync (55.9 kHz d)
[    57.861] Information: modeset(G0): Modeline "700x450"x119.9   51.75  700 740 812 924  450 451 456 467 doublescan -hsync +vsync (56.0 kHz d)
[    57.861] Information: modeset(G0): Modeline "700x450"x119.8   43.25  700 724 740 780  450 451 456 463 doublescan +hsync -vsync (55.4 kHz d)
[    57.861] Information: modeset(G0): Modeline "640x480"x120.0   54.00  640 688 744 900  480 480 482 500 doublescan +hsync +vsync (60.0 kHz d)
[    57.861] Information: modeset(G0): Modeline "640x480"x59.9   25.18  640 656 752 800  480 490 492 525 -hsync -vsync (31.5 kHz d)
[    57.861] Information: modeset(G0): Modeline "720x405"x59.5   22.50  720 744 808 896  405 408 413 422 -hsync +vsync (25.1 kHz d)
[    57.861] Information: modeset(G0): Modeline "720x405"x59.0   21.75  720 768 800 880  405 408 413 419 +hsync -vsync (24.7 kHz d)
[    57.861] Information: modeset(G0): Modeline "684x384"x119.8   42.62  684 720 788 892  384 385 390 399 doublescan -hsync +vsync (47.8 kHz d)
[    57.861] Information: modeset(G0): Modeline "684x384"x119.7   36.12  684 708 724 764  384 385 390 395 doublescan +hsync -vsync (47.3 kHz d)
[    57.861] Information: modeset(G0): Modeline "680x384"x119.6   42.38  680 716 784 888  384 385 390 399 doublescan -hsync +vsync (47.7 kHz d)
[    57.861] Information: modeset(G0): Modeline "680x384"x119.9   36.00  680 704 720 760  384 385 390 395 doublescan +hsync -vsync (47.4 kHz d)
[    57.861] Information: modeset(G0): Modeline "640x400"x119.8   41.75  640 676 740 840  400 401 404 415 doublescan -hsync +vsync (49.7 kHz d)
[    57.861] Information: modeset(G0): Modeline "640x400"x120.0   35.50  640 664 680 720  400 401 404 411 doublescan +hsync -vsync (49.3 kHz d)
[    57.861] Information: modeset(G0): Modeline "576x432"x120.1   40.81  576 608 668 760  432 432 434 447 doublescan -hsync +vsync (53.7 kHz d)
[    57.861] Information: modeset(G0): Modeline "640x360"x119.7   37.25  640 672 736 832  360 361 364 374 doublescan -hsync +vsync (44.8 kHz d)
[    57.861] Information: modeset(G0): Modeline "640x360"x119.7   31.88  640 664 680 720  360 361 364 370 doublescan +hsync -vsync (44.3 kHz d)
[    57.861] Information: modeset(G0): Modeline "640x360"x59.8   18.00  640 664 720 800  360 363 368 376 -hsync +vsync (22.5 kHz d)
[    57.861] Information: modeset(G0): Modeline "640x360"x59.3   17.75  640 688 720 800  360 363 368 374 +hsync -vsync (22.2 kHz d)
[    57.861] Information: modeset(G0): Modeline "512x384"x120.0   32.50  512 524 592 672  384 385 388 403 doublescan -hsync -vsync (48.4 kHz d)
[    57.861] Information: modeset(G0): Modeline "512x288"x120.0   23.25  512 532 580 648  288 289 292 299 doublescan -hsync +vsync (35.9 kHz d)
[    57.861] Information: modeset(G0): Modeline "512x288"x119.8   21.00  512 536 552 592  288 289 292 296 doublescan +hsync -vsync (35.5 kHz d)
[    57.861] Information: modeset(G0): Modeline "480x270"x119.3   20.38  480 496 544 608  270 271 274 281 doublescan -hsync +vsync (33.5 kHz d)
[    57.861] Information: modeset(G0): Modeline "480x270"x119.6   18.62  480 504 520 560  270 271 274 278 doublescan +hsync -vsync (33.3 kHz d)
[    57.861] Information: modeset(G0): Modeline "400x300"x120.6   20.00  400 420 484 528  300 300 302 314 doublescan +hsync +vsync (37.9 kHz d)
[    57.861] Information: modeset(G0): Modeline "400x300"x112.7   18.00  400 412 448 512  300 300 301 312 doublescan +hsync +vsync (35.2 kHz d)
[    57.861] Information: modeset(G0): Modeline "432x243"x119.8   16.25  432 444 484 536  243 244 247 253 doublescan -hsync +vsync (30.3 kHz d)
[    57.861] Information: modeset(G0): Modeline "432x243"x119.1   15.25  432 456 472 512  243 244 247 250 doublescan +hsync -vsync (29.8 kHz d)
[    57.861] Information: modeset(G0): Modeline "320x240"x120.1   12.59  320 328 376 400  240 245 246 262 doublescan -hsync -vsync (31.5 kHz d)
[    57.861] Information: modeset(G0): Modeline "360x202"x119.0   11.25  360 372 404 448  202 204 206 211 doublescan -hsync +vsync (25.1 kHz d)
[    57.861] Information: modeset(G0): Modeline "360x202"x118.3   10.88  360 384 400 440  202 204 206 209 doublescan +hsync -vsync (24.7 kHz d)
[    57.861] Information: modeset(G0): Modeline "320x180"x119.7    9.00  320 332 360 400  180 181 184 188 doublescan -hsync +vsync (22.5 kHz d)
[    57.861] Information: modeset(G0): Modeline "320x180"x118.6    8.88  320 344 360 400  180 181 184 187 doublescan +hsync -vsync (22.2 kHz d)
[    57.862] Information: modeset(G0): EDID for output VGA-1-1
[    57.863] Information: modeset(G0): EDID for output HDMI-1-1
[    57.863] Information: modeset(G0): EDID for output DP-1-1
[    57.863] Information: Loading sub module "fb"
[    57.863] Information: LoadModule: "fb"
[    57.864] Information: Loading /usr/lib/xorg/modules/libfb.so
[    57.864] Information: Module fb: vendor="X.Org Foundation"
[    57.864] Information: UnloadModule: "nouveau"
[    57.864] Information: Unloading nouveau
[    57.864] Information: UnloadModule: "fbdev"
[    57.864] Information: Unloading fbdev
[    57.864] Information: UnloadSubModule: "fbdevhw"
[    57.864] Information: Unloading fbdevhw
[    57.864] Information: UnloadModule: "vesa"
[    57.864] Information: Unloading vesa
[    57.917] Information: modeset(G0): RandR 1.2 enabled, ignore the following RandR disabled message.
[    57.937] Information: modeset(G0): [DRI2] Setup complete
[    57.937] Information: modeset(G0): [DRI2]   DRI driver: i965
[    57.937] Information: modeset(G0): [DRI2]   VDPAU driver: i965
[    57.938] Information: NVIDIA: Using 6144.00 MB of virtual memory for indirect memory
[    57.938] Information: NVIDIA:     access.
[    57.964] Information: NVIDIA(0): Setting mode "NULL"
[    58.028] Information: Loading sub module "dri2"
[    58.028] Information: LoadModule: "dri2"
[    58.028] Information: Module "dri2" already built-in
[    58.028] Information: NVIDIA(0): [DRI2] Setup complete
[    58.028] Information: NVIDIA(0): [DRI2]   VDPAU driver: nvidia
[    58.157] Information: SELinux: Disabled on system
[    58.158] Information: Initializing extension GLX
[    58.158] Information: Indirect GLX disabled.
[    58.547] Information: modeset(G0): Damage tracking initialized
[    59.302] Information: config/udev: Adding input device Power Button (/dev/input/event2)
[    59.302] Information: LoadModule: "libinput"
[    59.303] Information: Loading /usr/lib/xorg/modules/input/libinput_drv.so
[    59.537] Information: Module libinput: vendor="X.Org Foundation"
[    59.537] Information: Using input driver 'libinput' for 'Power Button'
[    59.538] Information: event2  - Power Button: is tagged by udev as: Keyboard
[    59.539] Information: event2  - Power Button: device is a keyboard
[    59.539] Information: event2  - Power Button: device removed
[    59.566] Information: XINPUT: Adding extended input device "Power Button" (type: KEYBOARD, id 6)
[    59.593] Information: event2  - Power Button: is tagged by udev as: Keyboard
[    59.593] Information: event2  - Power Button: device is a keyboard
[    59.594] Information: config/udev: Adding input device Video Bus (/dev/input/event5)
[    59.594] Information: Using input driver 'libinput' for 'Video Bus'
[    59.594] Information: event5  - Video Bus: is tagged by udev as: Keyboard
[    59.594] Information: event5  - Video Bus: device is a keyboard
[    59.594] Information: event5  - Video Bus: device removed
[    59.618] Information: XINPUT: Adding extended input device "Video Bus" (type: KEYBOARD, id 7)
[    59.620] Information: event5  - Video Bus: is tagged by udev as: Keyboard
[    59.620] Information: event5  - Video Bus: device is a keyboard
[    59.621] Information: config/udev: Adding input device Lid Switch (/dev/input/event0)
[    59.621] Information: No input driver specified, ignoring this device.
[    59.621] Information: This device may have been added with another device file.
[    59.622] Information: config/udev: Adding input device Video Bus (/dev/input/event4)
[    59.622] Information: Using input driver 'libinput' for 'Video Bus'
[    59.623] Information: event4  - Video Bus: is tagged by udev as: Keyboard
[    59.623] Information: event4  - Video Bus: device is a keyboard
[    59.623] Information: event4  - Video Bus: device removed
[    59.650] Information: XINPUT: Adding extended input device "Video Bus" (type: KEYBOARD, id 8)
[    59.652] Information: event4  - Video Bus: is tagged by udev as: Keyboard
[    59.652] Information: event4  - Video Bus: device is a keyboard
[    59.653] Information: config/udev: Adding input device Power Button (/dev/input/event1)
[    59.653] Information: Using input driver 'libinput' for 'Power Button'
[    59.654] Information: event1  - Power Button: is tagged by udev as: Keyboard
[    59.654] Information: event1  - Power Button: device is a keyboard
[    59.654] Information: event1  - Power Button: device removed
[    59.666] Information: XINPUT: Adding extended input device "Power Button" (type: KEYBOARD, id 9)
[    59.668] Information: event1  - Power Button: is tagged by udev as: Keyboard
[    59.668] Information: event1  - Power Button: device is a keyboard
[    59.671] Information: config/udev: Adding input device HDA Intel PCH Headphone (/dev/input/event9)
[    59.672] Information: No input driver specified, ignoring this device.
[    59.672] Information: This device may have been added with another device file.
[    59.673] Information: config/udev: Adding input device HDA Intel PCH HDMI/DP,pcm=3 (/dev/input/event10)
[    59.673] Information: No input driver specified, ignoring this device.
[    59.673] Information: This device may have been added with another device file.
[    59.674] Information: config/udev: Adding input device HDA Intel PCH Mic (/dev/input/event8)
[    59.674] Information: No input driver specified, ignoring this device.
[    59.674] Information: This device may have been added with another device file.
[    59.675] Information: config/udev: Adding input device AT Translated Set 2 keyboard (/dev/input/event3)
[    59.675] Information: Using input driver 'libinput' for 'AT Translated Set 2 keyboard'
[    59.676] Information: event3  - AT Translated Set 2 keyboard: is tagged by udev as: Keyboard
[    59.676] Information: event3  - AT Translated Set 2 keyboard: device is a keyboard
[    59.676] Information: event3  - AT Translated Set 2 keyboard: device removed
[    59.698] Information: XINPUT: Adding extended input device "AT Translated Set 2 keyboard" (type: KEYBOARD, id 10)
[    59.699] Information: event3  - AT Translated Set 2 keyboard: is tagged by udev as: Keyboard
[    59.699] Information: event3  - AT Translated Set 2 keyboard: device is a keyboard
[    59.699] Information: config/udev: Adding input device ETPS/2 Elantech Touchpad (/dev/input/event6)
[    59.699] Information: LoadModule: "synaptics"
[    59.700] Information: Loading /usr/lib/xorg/modules/input/synaptics_drv.so
[    59.700] Information: Module synaptics: vendor="X.Org Foundation"
[    59.700] Information: Using input driver 'synaptics' for 'ETPS/2 Elantech Touchpad'
[    59.730] Information: synaptics: ETPS/2 Elantech Touchpad: ignoring touch events for semi-multitouch device
[    59.778] Information: XINPUT: Adding extended input device "ETPS/2 Elantech Touchpad" (type: TOUCHPAD, id 11)
[    59.779] Information: config/udev: Adding input device ETPS/2 Elantech Touchpad (/dev/input/mouse0)
[    59.781] Information: config/udev: Adding input device MSI WMI hotkeys (/dev/input/event7)
[    59.781] Information: Using input driver 'libinput' for 'MSI WMI hotkeys'
[    59.781] Information: event7  - MSI WMI hotkeys: is tagged by udev as: Keyboard
[    59.781] Information: event7  - MSI WMI hotkeys: device is a keyboard
[    59.781] Information: event7  - MSI WMI hotkeys: device removed
[    59.794] Information: XINPUT: Adding extended input device "MSI WMI hotkeys" (type: KEYBOARD, id 12)
[    59.796] Information: event7  - MSI WMI hotkeys: is tagged by udev as: Keyboard
[    59.796] Information: event7  - MSI WMI hotkeys: device is a keyboard
[   128.833] Information: event2  - Power Button: device removed
[   128.851] Information: event5  - Video Bus: device removed
[   128.867] Information: event4  - Video Bus: device removed
[   128.891] Information: event1  - Power Button: device removed
[   128.913] Information: event3  - AT Translated Set 2 keyboard: device removed
[   128.960] Information: event7  - MSI WMI hotkeys: device removed
[   139.576] Information: NVIDIA(0): Setting mode "NULL"
[   140.468] Information: event2  - Power Button: is tagged by udev as: Keyboard
[   140.468] Information: event2  - Power Button: device is a keyboard
[   140.469] Information: event5  - Video Bus: is tagged by udev as: Keyboard
[   140.469] Information: event5  - Video Bus: device is a keyboard
[   140.471] Information: event4  - Video Bus: is tagged by udev as: Keyboard
[   140.471] Information: event4  - Video Bus: device is a keyboard
[   140.472] Information: event1  - Power Button: is tagged by udev as: Keyboard
[   140.472] Information: event1  - Power Button: device is a keyboard
[   140.473] Information: event3  - AT Translated Set 2 keyboard: is tagged by udev as: Keyboard
[   140.473] Information: event3  - AT Translated Set 2 keyboard: device is a keyboard
[   140.475] Information: event7  - MSI WMI hotkeys: is tagged by udev as: Keyboard
[   140.475] Information: event7  - MSI WMI hotkeys: device is a keyboard
[  3702.900] Information: event2  - Power Button: device removed
[  3702.916] Information: event5  - Video Bus: device removed
[  3702.934] Information: event4  - Video Bus: device removed
[  3702.954] Information: event1  - Power Button: device removed
[  3702.971] Information: event3  - AT Translated Set 2 keyboard: device removed
[  3703.027] Information: event7  - MSI WMI hotkeys: device removed
[  3705.658] Information: NVIDIA(0): Setting mode "NULL"
[  3706.536] Information: event2  - Power Button: is tagged by udev as: Keyboard
[  3706.536] Information: event2  - Power Button: device is a keyboard
[  3706.538] Information: event5  - Video Bus: is tagged by udev as: Keyboard
[  3706.538] Information: event5  - Video Bus: device is a keyboard
[  3706.539] Information: event4  - Video Bus: is tagged by udev as: Keyboard
[  3706.539] Information: event4  - Video Bus: device is a keyboard
[  3706.541] Information: event1  - Power Button: is tagged by udev as: Keyboard
[  3706.541] Information: event1  - Power Button: device is a keyboard
[  3706.542] Information: event3  - AT Translated Set 2 keyboard: is tagged by udev as: Keyboard
[  3706.542] Information: event3  - AT Translated Set 2 keyboard: device is a keyboard
[  3706.546] Information: event7  - MSI WMI hotkeys: is tagged by udev as: Keyboard
[  3706.546] Information: event7  - MSI WMI hotkeys: device is a keyboard
[  5009.132] Information: event2  - Power Button: device removed
[  5009.148] Information: event5  - Video Bus: device removed
[  5009.171] Information: event4  - Video Bus: device removed
[  5009.191] Information: event1  - Power Button: device removed
[  5009.211] Information: event3  - AT Translated Set 2 keyboard: device removed
[  5009.272] Information: event7  - MSI WMI hotkeys: device removed
[  5011.764] Information: NVIDIA(0): Setting mode "NULL"
[  5012.596] Information: event2  - Power Button: is tagged by udev as: Keyboard
[  5012.596] Information: event2  - Power Button: device is a keyboard
[  5012.598] Information: event5  - Video Bus: is tagged by udev as: Keyboard
[  5012.598] Information: event5  - Video Bus: device is a keyboard
[  5012.599] Information: event4  - Video Bus: is tagged by udev as: Keyboard
[  5012.599] Information: event4  - Video Bus: device is a keyboard
[  5012.600] Information: event1  - Power Button: is tagged by udev as: Keyboard
[  5012.600] Information: event1  - Power Button: device is a keyboard
[  5012.601] Information: event3  - AT Translated Set 2 keyboard: is tagged by udev as: Keyboard
[  5012.601] Information: event3  - AT Translated Set 2 keyboard: device is a keyboard
[  5012.603] Information: event7  - MSI WMI hotkeys: is tagged by udev as: Keyboard
[  5012.603] Information: event7  - MSI WMI hotkeys: device is a keyboard
[  5022.822] Information: event2  - Power Button: device removed
[  5022.836] Information: event5  - Video Bus: device removed
[  5022.855] Information: event4  - Video Bus: device removed
[  5022.871] Information: event1  - Power Button: device removed
[  5022.893] Information: event3  - AT Translated Set 2 keyboard: device removed
[  5022.956] Information: event7  - MSI WMI hotkeys: device removed
[  5026.212] Information: NVIDIA(0): Setting mode "NULL"
[  5027.097] Information: event2  - Power Button: is tagged by udev as: Keyboard
[  5027.097] Information: event2  - Power Button: device is a keyboard
[  5027.099] Information: event5  - Video Bus: is tagged by udev as: Keyboard
[  5027.099] Information: event5  - Video Bus: device is a keyboard
[  5027.101] Information: event4  - Video Bus: is tagged by udev as: Keyboard
[  5027.101] Information: event4  - Video Bus: device is a keyboard
[  5027.102] Information: event1  - Power Button: is tagged by udev as: Keyboard
[  5027.102] Information: event1  - Power Button: device is a keyboard
[  5027.103] Information: event3  - AT Translated Set 2 keyboard: is tagged by udev as: Keyboard
[  5027.103] Information: event3  - AT Translated Set 2 keyboard: device is a keyboard
[  5027.105] Information: event7  - MSI WMI hotkeys: is tagged by udev as: Keyboard
[  5027.105] Information: event7  - MSI WMI hotkeys: device is a keyboard
[ 13069.548] Information: event2  - Power Button: device removed
[ 13069.572] Information: event5  - Video Bus: device removed
[ 13069.587] Information: event4  - Video Bus: device removed
[ 13069.607] Information: event1  - Power Button: device removed
[ 13069.629] Information: event3  - AT Translated Set 2 keyboard: device removed
[ 13069.695] Information: event7  - MSI WMI hotkeys: device removed
[ 13076.056] Information: NVIDIA(0): Setting mode "NULL"
[ 13076.906] Information: event2  - Power Button: is tagged by udev as: Keyboard
[ 13076.906] Information: event2  - Power Button: device is a keyboard
[ 13076.908] Information: event5  - Video Bus: is tagged by udev as: Keyboard
[ 13076.908] Information: event5  - Video Bus: device is a keyboard
[ 13076.909] Information: event4  - Video Bus: is tagged by udev as: Keyboard
[ 13076.909] Information: event4  - Video Bus: device is a keyboard
[ 13076.911] Information: event1  - Power Button: is tagged by udev as: Keyboard
[ 13076.911] Information: event1  - Power Button: device is a keyboard
[ 13076.912] Information: event3  - AT Translated Set 2 keyboard: is tagged by udev as: Keyboard
[ 13076.912] Information: event3  - AT Translated Set 2 keyboard: device is a keyboard
[ 13076.914] Information: event7  - MSI WMI hotkeys: is tagged by udev as: Keyboard
[ 13076.914] Information: event7  - MSI WMI hotkeys: device is a keyboard
[ 17315.440] Information: event2  - Power Button: device removed
[ 17315.456] Information: event5  - Video Bus: device removed
[ 17315.479] Information: event4  - Video Bus: device removed
[ 17315.503] Information: event1  - Power Button: device removed
[ 17315.525] Information: event3  - AT Translated Set 2 keyboard: device removed
[ 17315.588] Information: event7  - MSI WMI hotkeys: device removed
[ 17318.620] Information: NVIDIA(0): Setting mode "NULL"
[ 17319.508] Information: event2  - Power Button: is tagged by udev as: Keyboard
[ 17319.508] Information: event2  - Power Button: device is a keyboard
[ 17319.510] Information: event5  - Video Bus: is tagged by udev as: Keyboard
[ 17319.510] Information: event5  - Video Bus: device is a keyboard
[ 17319.511] Information: event4  - Video Bus: is tagged by udev as: Keyboard
[ 17319.511] Information: event4  - Video Bus: device is a keyboard
[ 17319.513] Information: event1  - Power Button: is tagged by udev as: Keyboard
[ 17319.513] Information: event1  - Power Button: device is a keyboard
[ 17319.514] Information: event3  - AT Translated Set 2 keyboard: is tagged by udev as: Keyboard
[ 17319.514] Information: event3  - AT Translated Set 2 keyboard: device is a keyboard
[ 17319.516] Information: event7  - MSI WMI hotkeys: is tagged by udev as: Keyboard
[ 17319.516] Information: event7  - MSI WMI hotkeys: device is a keyboard
[ 21848.995] Information: event2  - Power Button: device removed
[ 21849.014] Information: event5  - Video Bus: device removed
[ 21849.038] Information: event4  - Video Bus: device removed
[ 21849.062] Information: event1  - Power Button: device removed
[ 21849.083] Information: event3  - AT Translated Set 2 keyboard: device removed
[ 21849.143] Information: event7  - MSI WMI hotkeys: device removed
[ 21852.154] Information: NVIDIA(0): Setting mode "NULL"
[ 21852.994] Information: event2  - Power Button: is tagged by udev as: Keyboard
[ 21852.994] Information: event2  - Power Button: device is a keyboard
[ 21852.995] Information: event5  - Video Bus: is tagged by udev as: Keyboard
[ 21852.996] Information: event5  - Video Bus: device is a keyboard
[ 21852.997] Information: event4  - Video Bus: is tagged by udev as: Keyboard
[ 21852.997] Information: event4  - Video Bus: device is a keyboard
[ 21852.998] Information: event1  - Power Button: is tagged by udev as: Keyboard
[ 21852.998] Information: event1  - Power Button: device is a keyboard
[ 21852.999] Information: event3  - AT Translated Set 2 keyboard: is tagged by udev as: Keyboard
[ 21852.999] Information: event3  - AT Translated Set 2 keyboard: device is a keyboard
[ 21853.001] Information: event7  - MSI WMI hotkeys: is tagged by udev as: Keyboard
[ 21853.001] Information: event7  - MSI WMI hotkeys: device is a keyboard
[ 41140.016] Information: event2  - Power Button: device removed
[ 41140.041] Information: event5  - Video Bus: device removed
[ 41140.065] Information: event4  - Video Bus: device removed
[ 41140.089] Information: event1  - Power Button: device removed
[ 41140.105] Information: event3  - AT Translated Set 2 keyboard: device removed
[ 41140.173] Information: event7  - MSI WMI hotkeys: device removed
[ 41142.420] Information: NVIDIA(0): Setting mode "NULL"
[ 41143.290] Information: event2  - Power Button: is tagged by udev as: Keyboard
[ 41143.290] Information: event2  - Power Button: device is a keyboard
[ 41143.292] Information: event5  - Video Bus: is tagged by udev as: Keyboard
[ 41143.292] Information: event5  - Video Bus: device is a keyboard
[ 41143.293] Information: event4  - Video Bus: is tagged by udev as: Keyboard
[ 41143.293] Information: event4  - Video Bus: device is a keyboard
[ 41143.294] Information: event1  - Power Button: is tagged by udev as: Keyboard
[ 41143.294] Information: event1  - Power Button: device is a keyboard
[ 41143.295] Information: event3  - AT Translated Set 2 keyboard: is tagged by udev as: Keyboard
[ 41143.295] Information: event3  - AT Translated Set 2 keyboard: device is a keyboard
[ 41143.297] Information: event7  - MSI WMI hotkeys: is tagged by udev as: Keyboard
[ 41143.297] Information: event7  - MSI WMI hotkeys: device is a keyboard
[ 41145.762] Information: event2  - Power Button: device removed
[ 41145.791] Information: event5  - Video Bus: device removed
[ 41145.815] Information: event4  - Video Bus: device removed
[ 41145.843] Information: event1  - Power Button: device removed
[ 41145.863] Information: event3  - AT Translated Set 2 keyboard: device removed
[ 41145.939] Information: event7  - MSI WMI hotkeys: device removed
[ 41150.233] Information: NVIDIA(0): Setting mode "NULL"
[ 41151.101] Information: event2  - Power Button: is tagged by udev as: Keyboard
[ 41151.101] Information: event2  - Power Button: device is a keyboard
[ 41151.103] Information: event5  - Video Bus: is tagged by udev as: Keyboard
[ 41151.103] Information: event5  - Video Bus: device is a keyboard
[ 41151.105] Information: event4  - Video Bus: is tagged by udev as: Keyboard
[ 41151.105] Information: event4  - Video Bus: device is a keyboard
[ 41151.106] Information: event1  - Power Button: is tagged by udev as: Keyboard
[ 41151.106] Information: event1  - Power Button: device is a keyboard
[ 41151.107] Information: event3  - AT Translated Set 2 keyboard: is tagged by udev as: Keyboard
[ 41151.107] Information: event3  - AT Translated Set 2 keyboard: device is a keyboard
[ 41151.109] Information: event7  - MSI WMI hotkeys: is tagged by udev as: Keyboard
[ 41151.109] Information: event7  - MSI WMI hotkeys: device is a keyboard
[ 64398.534] Information: event2  - Power Button: device removed
[ 64398.552] Information: event5  - Video Bus: device removed
[ 64398.567] Information: event4  - Video Bus: device removed
[ 64398.591] Information: event1  - Power Button: device removed
[ 64398.616] Information: event3  - AT Translated Set 2 keyboard: device removed
[ 64398.680] Information: event7  - MSI WMI hotkeys: device removed
[ 64401.240] Information: NVIDIA(0): Setting mode "NULL"
[ 64402.139] Information: event2  - Power Button: is tagged by udev as: Keyboard
[ 64402.139] Information: event2  - Power Button: device is a keyboard
[ 64402.141] Information: event5  - Video Bus: is tagged by udev as: Keyboard
[ 64402.141] Information: event5  - Video Bus: device is a keyboard
[ 64402.142] Information: event4  - Video Bus: is tagged by udev as: Keyboard
[ 64402.142] Information: event4  - Video Bus: device is a keyboard
[ 64402.144] Information: event1  - Power Button: is tagged by udev as: Keyboard
[ 64402.144] Information: event1  - Power Button: device is a keyboard
[ 64402.145] Information: event3  - AT Translated Set 2 keyboard: is tagged by udev as: Keyboard
[ 64402.145] Information: event3  - AT Translated Set 2 keyboard: device is a keyboard
[ 64402.147] Information: event7  - MSI WMI hotkeys: is tagged by udev as: Keyboard
[ 64402.147] Information: event7  - MSI WMI hotkeys: device is a keyboard
[ 70640.747] Information: event2  - Power Button: device removed
[ 70640.763] Information: event5  - Video Bus: device removed
[ 70640.786] Information: event4  - Video Bus: device removed
[ 70640.807] Information: event1  - Power Button: device removed
[ 70640.824] Information: event3  - AT Translated Set 2 keyboard: device removed
[ 70640.883] Information: event7  - MSI WMI hotkeys: device removed
[ 70643.430] Information: NVIDIA(0): Setting mode "NULL"
[ 70644.288] Information: event2  - Power Button: is tagged by udev as: Keyboard
[ 70644.288] Information: event2  - Power Button: device is a keyboard
[ 70644.290] Information: event5  - Video Bus: is tagged by udev as: Keyboard
[ 70644.290] Information: event5  - Video Bus: device is a keyboard
[ 70644.292] Information: event4  - Video Bus: is tagged by udev as: Keyboard
[ 70644.292] Information: event4  - Video Bus: device is a keyboard
[ 70644.293] Information: event1  - Power Button: is tagged by udev as: Keyboard
[ 70644.293] Information: event1  - Power Button: device is a keyboard
[ 70644.294] Information: event3  - AT Translated Set 2 keyboard: is tagged by udev as: Keyboard
[ 70644.294] Information: event3  - AT Translated Set 2 keyboard: device is a keyboard
[ 70644.297] Information: event7  - MSI WMI hotkeys: is tagged by udev as: Keyboard
[ 70644.297] Information: event7  - MSI WMI hotkeys: device is a keyboard
[ 76949.354] Information: event2  - Power Button: device removed
[ 76949.368] Information: event5  - Video Bus: device removed
[ 76949.382] Information: event4  - Video Bus: device removed
[ 76949.410] Information: event1  - Power Button: device removed
[ 76949.427] Information: event3  - AT Translated Set 2 keyboard: device removed
[ 76949.475] Information: event7  - MSI WMI hotkeys: device removed
[ 76951.942] Information: NVIDIA(0): Setting mode "NULL"
[ 76952.771] Information: event2  - Power Button: is tagged by udev as: Keyboard
[ 76952.771] Information: event2  - Power Button: device is a keyboard
[ 76952.773] Information: event5  - Video Bus: is tagged by udev as: Keyboard
[ 76952.773] Information: event5  - Video Bus: device is a keyboard
[ 76952.774] Information: event4  - Video Bus: is tagged by udev as: Keyboard
[ 76952.774] Information: event4  - Video Bus: device is a keyboard
[ 76952.775] Information: event1  - Power Button: is tagged by udev as: Keyboard
[ 76952.775] Information: event1  - Power Button: device is a keyboard
[ 76952.776] Information: event3  - AT Translated Set 2 keyboard: is tagged by udev as: Keyboard
[ 76952.776] Information: event3  - AT Translated Set 2 keyboard: device is a keyboard
[ 76952.778] Information: event7  - MSI WMI hotkeys: is tagged by udev as: Keyboard
[ 76952.778] Information: event7  - MSI WMI hotkeys: device is a keyboard
[ 78268.377] Information: event2  - Power Button: device removed
[ 78268.396] Information: event5  - Video Bus: device removed
[ 78268.415] Information: event4  - Video Bus: device removed
[ 78268.435] Information: event1  - Power Button: device removed
[ 78268.457] Information: event3  - AT Translated Set 2 keyboard: device removed
[ 78268.512] Information: event7  - MSI WMI hotkeys: device removed
[ 78272.123] Information: NVIDIA(0): Setting mode "NULL"
[ 78272.962] Information: event2  - Power Button: is tagged by udev as: Keyboard
[ 78272.962] Information: event2  - Power Button: device is a keyboard
[ 78272.963] Information: event5  - Video Bus: is tagged by udev as: Keyboard
[ 78272.963] Information: event5  - Video Bus: device is a keyboard
[ 78272.965] Information: event4  - Video Bus: is tagged by udev as: Keyboard
[ 78272.965] Information: event4  - Video Bus: device is a keyboard
[ 78272.966] Information: event1  - Power Button: is tagged by udev as: Keyboard
[ 78272.966] Information: event1  - Power Button: device is a keyboard
[ 78272.967] Information: event3  - AT Translated Set 2 keyboard: is tagged by udev as: Keyboard
[ 78272.967] Information: event3  - AT Translated Set 2 keyboard: device is a keyboard
[ 78272.969] Information: event7  - MSI WMI hotkeys: is tagged by udev as: Keyboard
[ 78272.969] Information: event7  - MSI WMI hotkeys: device is a keyboard
[151023.214] Information: event2  - Power Button: device removed
[151023.236] Information: event5  - Video Bus: device removed
[151023.251] Information: event4  - Video Bus: device removed
[151023.275] Information: event1  - Power Button: device removed
[151023.308] Information: event3  - AT Translated Set 2 keyboard: device removed
[151023.372] Information: event7  - MSI WMI hotkeys: device removed
[151027.384] Information: NVIDIA(0): Setting mode "NULL"
[151028.196] Information: event2  - Power Button: is tagged by udev as: Keyboard
[151028.196] Information: event2  - Power Button: device is a keyboard
[151028.198] Information: event5  - Video Bus: is tagged by udev as: Keyboard
[151028.198] Information: event5  - Video Bus: device is a keyboard
[151028.199] Information: event4  - Video Bus: is tagged by udev as: Keyboard
[151028.199] Information: event4  - Video Bus: device is a keyboard
[151028.200] Information: event1  - Power Button: is tagged by udev as: Keyboard
[151028.200] Information: event1  - Power Button: device is a keyboard
[151028.201] Information: event3  - AT Translated Set 2 keyboard: is tagged by udev as: Keyboard
[151028.201] Information: event3  - AT Translated Set 2 keyboard: device is a keyboard
[151028.203] Information: event7  - MSI WMI hotkeys: is tagged by udev as: Keyboard
[151028.203] Information: event7  - MSI WMI hotkeys: device is a keyboard
[153949.503] Information: event2  - Power Button: device removed
[153949.523] Information: event5  - Video Bus: device removed
[153949.547] Information: event4  - Video Bus: device removed
[153949.563] Information: event1  - Power Button: device removed
[153949.583] Information: event3  - AT Translated Set 2 keyboard: device removed
[153949.651] Information: event7  - MSI WMI hotkeys: device removed
[153951.797] Information: NVIDIA(0): Setting mode "NULL"
[153952.630] Information: event2  - Power Button: is tagged by udev as: Keyboard
[153952.630] Information: event2  - Power Button: device is a keyboard
[153952.632] Information: event5  - Video Bus: is tagged by udev as: Keyboard
[153952.632] Information: event5  - Video Bus: device is a keyboard
[153952.633] Information: event4  - Video Bus: is tagged by udev as: Keyboard
[153952.633] Information: event4  - Video Bus: device is a keyboard
[153952.634] Information: event1  - Power Button: is tagged by udev as: Keyboard
[153952.634] Information: event1  - Power Button: device is a keyboard
[153952.635] Information: event3  - AT Translated Set 2 keyboard: is tagged by udev as: Keyboard
[153952.635] Information: event3  - AT Translated Set 2 keyboard: device is a keyboard
[153952.637] Information: event7  - MSI WMI hotkeys: is tagged by udev as: Keyboard
[153952.637] Information: event7  - MSI WMI hotkeys: device is a keyboard
[153954.918] Information: event2  - Power Button: device removed
[153954.930] Information: event5  - Video Bus: device removed
[153954.951] Information: event4  - Video Bus: device removed
[153954.967] Information: event1  - Power Button: device removed
[153954.983] Information: event3  - AT Translated Set 2 keyboard: device removed
[153955.039] Information: event7  - MSI WMI hotkeys: device removed
[153958.003] Information: NVIDIA(0): Setting mode "NULL"
[153958.842] Information: event2  - Power Button: is tagged by udev as: Keyboard
[153958.842] Information: event2  - Power Button: device is a keyboard
[153958.844] Information: event5  - Video Bus: is tagged by udev as: Keyboard
[153958.844] Information: event5  - Video Bus: device is a keyboard
[153958.845] Information: event4  - Video Bus: is tagged by udev as: Keyboard
[153958.845] Information: event4  - Video Bus: device is a keyboard
[153958.846] Information: event1  - Power Button: is tagged by udev as: Keyboard
[153958.846] Information: event1  - Power Button: device is a keyboard
[153958.847] Information: event3  - AT Translated Set 2 keyboard: is tagged by udev as: Keyboard
[153958.848] Information: event3  - AT Translated Set 2 keyboard: device is a keyboard
[153958.849] Information: event7  - MSI WMI hotkeys: is tagged by udev as: Keyboard
[153958.849] Information: event7  - MSI WMI hotkeys: device is a keyboard
[162517.163] Information: event2  - Power Button: device removed
[162517.187] Information: event5  - Video Bus: device removed
[162517.211] Information: event4  - Video Bus: device removed
[162517.235] Information: event1  - Power Button: device removed
[162517.252] Information: event3  - AT Translated Set 2 keyboard: device removed
[162517.332] Information: event7  - MSI WMI hotkeys: device removed
[162520.396] Information: NVIDIA(0): Setting mode "NULL"
[162521.236] Information: event2  - Power Button: is tagged by udev as: Keyboard
[162521.236] Information: event2  - Power Button: device is a keyboard
[162521.238] Information: event5  - Video Bus: is tagged by udev as: Keyboard
[162521.238] Information: event5  - Video Bus: device is a keyboard
[162521.239] Information: event4  - Video Bus: is tagged by udev as: Keyboard
[162521.239] Information: event4  - Video Bus: device is a keyboard
[162521.241] Information: event1  - Power Button: is tagged by udev as: Keyboard
[162521.241] Information: event1  - Power Button: device is a keyboard
[162521.242] Information: event3  - AT Translated Set 2 keyboard: is tagged by udev as: Keyboard
[162521.242] Information: event3  - AT Translated Set 2 keyboard: device is a keyboard
[162521.244] Information: event7  - MSI WMI hotkeys: is tagged by udev as: Keyboard
[162521.244] Information: event7  - MSI WMI hotkeys: device is a keyboard
